<?xml version="1.0" encoding="UTF-8"?>
<testsuite name="service.activity.ActivityServiceMySQLTest" tests="2" skipped="0" failures="0" errors="0" timestamp="2021-03-29T22:56:47" hostname="DESKTOP-1FM3CFK" time="0.0">
  <properties/>
  <testcase name="getActivitiesBetweenDates" classname="service.activity.ActivityServiceMySQLTest" time="0.0"/>
  <testcase name="addActivity" classname="service.activity.ActivityServiceMySQLTest" time="0.0"/>
  <system-out><![CDATA[]]></system-out>
  <system-err><![CDATA[]]></system-err>
</testsuite>
